<?xml version="1.0" encoding="UTF-8"?>
<testsuite name="Sreda.RememberMeUnselected" tests="1" skipped="0" failures="0" errors="0" timestamp="2018-07-18T19:04:23" hostname="DESKTOP-D6LP5OR" time="4.521">
  <properties/>
  <testcase name="VerifyElementsPresent" classname="Sreda.RememberMeUnselected" time="4.521"/>
  <system-out><![CDATA[]]></system-out>
  <system-err><![CDATA[Starting ChromeDriver 2.40.565498 (ea082db3280dd6843ebfb08a625e3eb905c4f5ab) on port 21592
Only local connections are allowed.
Jul 18, 2018 9:04:23 PM org.openqa.selenium.remote.ProtocolHandshake createSession
INFO: Detected dialect: OSS
]]></system-err>
</testsuite>
