<?xml version="1.0" encoding="UTF-8"?>
<testsuite name="Sreda.ElementsPresent" tests="1" skipped="0" failures="0" errors="0" timestamp="2018-07-18T19:02:33" hostname="DESKTOP-D6LP5OR" time="4.893">
  <properties/>
  <testcase name="VerifyElementsPresent" classname="Sreda.ElementsPresent" time="4.893"/>
  <system-out><![CDATA[]]></system-out>
  <system-err><![CDATA[Starting ChromeDriver 2.40.565498 (ea082db3280dd6843ebfb08a625e3eb905c4f5ab) on port 17576
Only local connections are allowed.
Jul 18, 2018 9:02:33 PM org.openqa.selenium.remote.ProtocolHandshake createSession
INFO: Detected dialect: OSS
]]></system-err>
</testsuite>
